2025-08-09 17:15:22,323 - raid - INFO - setup_logger:78 - Detailed logs saved to: logs/raid_scan_20250809_171522.log
2025-08-09 17:15:22,361 - raid - INFO - initialize:98 - Initializing R.A.I.D Scanner Engine
2025-08-09 17:15:22,430 - raid - INFO - initialize:111 - Engine initialized with 5 plugins in safe mode
2025-08-09 17:15:22,443 - raid - INFO - run_scan:483 - Running scan with 5 plugins against 1 targets
2025-08-09 17:15:22,586 - raid - INFO - create_scan_context:279 - Starting comprehensive target discovery...
2025-08-09 17:15:22,588 - raid - INFO - comprehensive_discovery:692 - Starting parameter discovery...
2025-08-09 17:15:22,596 - raid - INFO - crawl_parameters:69 - Starting parameter crawling for https://smktarunabhakti.sch.id/
2025-08-09 17:15:40,046 - raid - INFO - crawl_parameters:80 - Parameter crawling completed. Found 119 URLs with parameters
2025-08-09 17:15:40,048 - raid - INFO - comprehensive_discovery:703 - Starting subdomain discovery...
2025-08-09 17:15:40,050 - raid - INFO - discover_subdomains:486 - Starting subdomain discovery for smktarunabhakti.sch.id
2025-08-09 17:15:42,494 - raid - INFO - discover_subdomains:508 - Subdomain discovery completed. Found 8 subdomains
2025-08-09 17:15:42,496 - raid - INFO - crawl_parameters:69 - Starting parameter crawling for https://*.www.smktarunabhakti.sch.id
2025-08-09 17:15:42,523 - raid - INFO - crawl_parameters:80 - Parameter crawling completed. Found 0 URLs with parameters
2025-08-09 17:15:42,524 - raid - INFO - crawl_parameters:69 - Starting parameter crawling for https://www.smktarunabhakti.sch.id
2025-08-09 17:15:47,772 - raid - INFO - crawl_parameters:80 - Parameter crawling completed. Found 1 URLs with parameters
2025-08-09 17:15:47,774 - raid - INFO - crawl_parameters:69 - Starting parameter crawling for https://radio.smktarunabhakti.sch.id
2025-08-09 17:15:48,097 - raid - INFO - crawl_parameters:80 - Parameter crawling completed. Found 1 URLs with parameters
2025-08-09 17:15:48,098 - raid - INFO - crawl_parameters:69 - Starting parameter crawling for https://*.mail.smktarunabhakti.sch.id
2025-08-09 17:15:48,124 - raid - INFO - crawl_parameters:80 - Parameter crawling completed. Found 0 URLs with parameters
2025-08-09 17:15:48,126 - raid - INFO - crawl_parameters:69 - Starting parameter crawling for https://*.smktarunabhakti.sch.id
2025-08-09 17:15:48,148 - raid - INFO - crawl_parameters:80 - Parameter crawling completed. Found 0 URLs with parameters
2025-08-09 17:15:48,151 - raid - INFO - crawl_parameters:69 - Starting parameter crawling for https://lmsnew.smktarunabhakti.sch.id
2025-08-09 17:15:50,609 - raid - INFO - crawl_parameters:80 - Parameter crawling completed. Found 34 URLs with parameters
2025-08-09 17:15:50,610 - raid - INFO - crawl_parameters:69 - Starting parameter crawling for https://smktarunabhakti.sch.id
2025-08-09 17:16:00,038 - raid - INFO - crawl_parameters:80 - Parameter crawling completed. Found 61 URLs with parameters
2025-08-09 17:16:00,040 - raid - INFO - crawl_parameters:69 - Starting parameter crawling for https://lms.smktarunabhakti.sch.id
2025-08-09 17:16:01,626 - raid - INFO - crawl_parameters:80 - Parameter crawling completed. Found 4 URLs with parameters
2025-08-09 17:16:01,628 - raid - INFO - comprehensive_discovery:725 - Discovery completed: 119 endpoints, 6067 parameters, 8 subdomains
2025-08-09 17:16:01,651 - raid - INFO - save_discovery_results:749 - Discovery results saved to reports/discovery_results.json
2025-08-09 17:16:01,652 - raid - INFO - create_scan_context:309 - Discovery results saved to reports/discovery_results.json
2025-08-09 17:16:01,653 - raid - INFO - create_scan_context:319 - Enhanced discovery completed: 159 endpoints, 6691 parameters, 8 subdomains
2025-08-09 17:16:01,670 - raid - INFO - run:86 - Testing 6687 parameterized endpoints
2025-08-09 17:16:01,679 - raid - INFO - run:73 - Testing 6687 endpoints for XSS
